c:\users\zxcvb\downloads\server\gameserver\x64\debug\vc143.pdb
c:\users\zxcvb\downloads\server\gameserver\x64\debug\vc143.idb
c:\users\zxcvb\downloads\server\gameserver\x64\debug\usermanager.obj
c:\users\zxcvb\downloads\server\gameserver\x64\debug\gameserver.obj
c:\users\zxcvb\downloads\server\gameserver\x64\debug\accountmanager.obj
c:\users\zxcvb\downloads\server\gameserver\x64\debug\gamesessionmanager.obj
c:\users\zxcvb\downloads\server\gameserver\x64\debug\gamesession.obj
c:\users\zxcvb\downloads\server\gameserver\x64\debug\serverpackethandler.obj
c:\users\zxcvb\downloads\server\gameserver\x64\debug\gameserver.pch
c:\users\zxcvb\downloads\server\gameserver\x64\debug\pch.obj
c:\users\zxcvb\downloads\server\binary\debug\gameserver.exe
c:\users\zxcvb\downloads\server\binary\debug\gameserver.pdb
c:\users\zxcvb\downloads\server\gameserver\x64\debug\gameserver.ilk
c:\users\zxcvb\downloads\server\gameserver\x64\debug\bufferreader.obj
c:\users\zxcvb\downloads\server\gameserver\x64\debug\gameserver.tlog\cl.command.1.tlog
c:\users\zxcvb\downloads\server\gameserver\x64\debug\gameserver.tlog\cl.items.tlog
c:\users\zxcvb\downloads\server\gameserver\x64\debug\gameserver.tlog\cl.read.1.tlog
c:\users\zxcvb\downloads\server\gameserver\x64\debug\gameserver.tlog\cl.write.1.tlog
c:\users\zxcvb\downloads\server\gameserver\x64\debug\gameserver.tlog\link.command.1.tlog
c:\users\zxcvb\downloads\server\gameserver\x64\debug\gameserver.tlog\link.read.1.tlog
c:\users\zxcvb\downloads\server\gameserver\x64\debug\gameserver.tlog\link.secondary.1.tlog
c:\users\zxcvb\downloads\server\gameserver\x64\debug\gameserver.tlog\link.write.1.tlog
