  pch.cpp
  AccountManager.cpp
  GameServer.cpp
  GameSession.cpp
C:\Users\zxcvb\Downloads\Server\GameServer\ServerPacketHandler.h(142,44): warning C4244: '=': 'uint64'에서 'uint32'(으)로 변환하면서 데이터가 손실될 수 있습니다.
  (소스 파일 '/GameSession.cpp'을(를) 컴파일하는 중)
  
C:\Users\zxcvb\Downloads\Server\GameServer\ServerPacketHandler.h(150,44): warning C4244: '=': 'uint64'에서 'uint32'(으)로 변환하면서 데이터가 손실될 수 있습니다.
  (소스 파일 '/GameSession.cpp'을(를) 컴파일하는 중)
  
C:\Users\zxcvb\Downloads\Server\GameServer\ServerPacketHandler.h(158,40): warning C4244: '=': 'uint64'에서 'uint32'(으)로 변환하면서 데이터가 손실될 수 있습니다.
  (소스 파일 '/GameSession.cpp'을(를) 컴파일하는 중)
  
  GameSessionManager.cpp
  Protocol.pb.cc
C:\Users\zxcvb\Downloads\Server\GameServer\Protocol.pb.cc(645,1): error C1010: 미리 컴파일된 헤더를 찾는 동안 예기치 않은 파일의 끝이 나타났습니다. '#include "pch.h"'을(를) 소스에 추가하시겠습니까?
  ServerPacketHandler.cpp
C:\Users\zxcvb\Downloads\Server\GameServer\ServerPacketHandler.h(142,44): warning C4244: '=': 'uint64'에서 'uint32'(으)로 변환하면서 데이터가 손실될 수 있습니다.
  (소스 파일 '/ServerPacketHandler.cpp'을(를) 컴파일하는 중)
  
C:\Users\zxcvb\Downloads\Server\GameServer\ServerPacketHandler.h(150,44): warning C4244: '=': 'uint64'에서 'uint32'(으)로 변환하면서 데이터가 손실될 수 있습니다.
  (소스 파일 '/ServerPacketHandler.cpp'을(를) 컴파일하는 중)
  
C:\Users\zxcvb\Downloads\Server\GameServer\ServerPacketHandler.h(158,40): warning C4244: '=': 'uint64'에서 'uint32'(으)로 변환하면서 데이터가 손실될 수 있습니다.
  (소스 파일 '/ServerPacketHandler.cpp'을(를) 컴파일하는 중)
  
  UserManager.cpp
  코드를 생성하고 있습니다...
