c:\users\zxcvb\downloads\server\client\x64\debug\client.pch
c:\users\zxcvb\downloads\server\client\x64\debug\vc143.pdb
c:\users\zxcvb\downloads\server\client\x64\debug\vc143.idb
c:\users\zxcvb\downloads\server\client\x64\debug\pch.obj
c:\users\zxcvb\downloads\server\client\x64\debug\clientpackethandler.obj
c:\users\zxcvb\downloads\server\client\x64\debug\client.obj
c:\users\zxcvb\downloads\server\client\x64\debug\client.ilk
c:\users\zxcvb\downloads\server\binary\debug\client.pdb
c:\users\zxcvb\downloads\server\client\x64\debug\client.tlog\cl.command.1.tlog
c:\users\zxcvb\downloads\server\client\x64\debug\client.tlog\cl.items.tlog
c:\users\zxcvb\downloads\server\client\x64\debug\client.tlog\cl.read.1.tlog
c:\users\zxcvb\downloads\server\client\x64\debug\client.tlog\cl.write.1.tlog
c:\users\zxcvb\downloads\server\client\x64\debug\client.tlog\link.34540.read.1.tlog
c:\users\zxcvb\downloads\server\client\x64\debug\client.tlog\link.34540.read.2.tlog
c:\users\zxcvb\downloads\server\client\x64\debug\client.tlog\link.34540.write.1.tlog
c:\users\zxcvb\downloads\server\client\x64\debug\client.tlog\link.command.1.tlog
c:\users\zxcvb\downloads\server\client\x64\debug\client.tlog\link.read.1.tlog
c:\users\zxcvb\downloads\server\client\x64\debug\client.tlog\link.read.2.tlog
c:\users\zxcvb\downloads\server\client\x64\debug\client.tlog\link.secondary.1.tlog
c:\users\zxcvb\downloads\server\client\x64\debug\client.tlog\link.write.1.tlog
