  pch.cpp
  Allocator.cpp
  BufferReader.cpp
  BufferWriter.cpp
  CoreGlobal.cpp
  CoreTLS.cpp
  DeadLockProfiler.cpp
  IocpCore.cpp
  IocpEvent.cpp
  Listener.cpp
  Lock.cpp
  LockBasedQueue.cpp
  LockBasedStack.cpp
  Memory.cpp
  MemoryPool.cpp
  NetAddress.cpp
  RecvBuffer.cpp
  RefCounting.cpp
  SendBuffer.cpp
  Service.cpp
  Session.cpp
  컴파일하고 있습니다...
  SocketUtility.cpp
  ThreadManager.cpp
  ServerCore.vcxproj -> C:\Users\zxcvb\Downloads\11\Libraries\Libs\ServerCore\Release\ServerCore.lib
