c:\users\zxcvb\downloads\11\servercore\x64\release\servercore.pch
c:\users\zxcvb\downloads\11\libraries\libs\servercore\release\servercore.pdb
c:\users\zxcvb\downloads\11\servercore\x64\release\pch.obj
c:\users\zxcvb\downloads\11\servercore\x64\release\session.obj
c:\users\zxcvb\downloads\11\servercore\x64\release\service.obj
c:\users\zxcvb\downloads\11\servercore\x64\release\sendbuffer.obj
c:\users\zxcvb\downloads\11\servercore\x64\release\refcounting.obj
c:\users\zxcvb\downloads\11\servercore\x64\release\recvbuffer.obj
c:\users\zxcvb\downloads\11\servercore\x64\release\netaddress.obj
c:\users\zxcvb\downloads\11\servercore\x64\release\memorypool.obj
c:\users\zxcvb\downloads\11\servercore\x64\release\memory.obj
c:\users\zxcvb\downloads\11\servercore\x64\release\lockbasedstack.obj
c:\users\zxcvb\downloads\11\servercore\x64\release\lockbasedqueue.obj
c:\users\zxcvb\downloads\11\servercore\x64\release\lock.obj
c:\users\zxcvb\downloads\11\servercore\x64\release\listener.obj
c:\users\zxcvb\downloads\11\servercore\x64\release\iocpevent.obj
c:\users\zxcvb\downloads\11\servercore\x64\release\iocpcore.obj
c:\users\zxcvb\downloads\11\servercore\x64\release\deadlockprofiler.obj
c:\users\zxcvb\downloads\11\servercore\x64\release\coretls.obj
c:\users\zxcvb\downloads\11\servercore\x64\release\coreglobal.obj
c:\users\zxcvb\downloads\11\servercore\x64\release\bufferwriter.obj
c:\users\zxcvb\downloads\11\servercore\x64\release\bufferreader.obj
c:\users\zxcvb\downloads\11\servercore\x64\release\allocator.obj
c:\users\zxcvb\downloads\11\servercore\x64\release\threadmanager.obj
c:\users\zxcvb\downloads\11\servercore\x64\release\socketutility.obj
c:\users\zxcvb\downloads\11\libraries\libs\servercore\release\servercore.lib
c:\users\zxcvb\downloads\11\servercore\x64\release\servercore.tlog\cl.command.1.tlog
c:\users\zxcvb\downloads\11\servercore\x64\release\servercore.tlog\cl.items.tlog
c:\users\zxcvb\downloads\11\servercore\x64\release\servercore.tlog\cl.read.1.tlog
c:\users\zxcvb\downloads\11\servercore\x64\release\servercore.tlog\cl.write.1.tlog
c:\users\zxcvb\downloads\11\servercore\x64\release\servercore.tlog\lib-link.read.1.tlog
c:\users\zxcvb\downloads\11\servercore\x64\release\servercore.tlog\lib-link.write.1.tlog
c:\users\zxcvb\downloads\11\servercore\x64\release\servercore.tlog\lib.command.1.tlog
