c:\users\zxcvb\downloads\11\servercore\x64\debug\servercore.pch
c:\users\zxcvb\downloads\11\libraries\$libs\servercore\(configuration)\servercore.pdb
c:\users\zxcvb\downloads\11\libraries\$libs\servercore\(configuration)\servercore.idb
c:\users\zxcvb\downloads\11\servercore\x64\debug\pch.obj
c:\users\zxcvb\downloads\11\servercore\x64\debug\session.obj
c:\users\zxcvb\downloads\11\servercore\x64\debug\service.obj
c:\users\zxcvb\downloads\11\servercore\x64\debug\sendbuffer.obj
c:\users\zxcvb\downloads\11\servercore\x64\debug\refcounting.obj
c:\users\zxcvb\downloads\11\servercore\x64\debug\recvbuffer.obj
c:\users\zxcvb\downloads\11\servercore\x64\debug\netaddress.obj
c:\users\zxcvb\downloads\11\servercore\x64\debug\memorypool.obj
c:\users\zxcvb\downloads\11\servercore\x64\debug\memory.obj
c:\users\zxcvb\downloads\11\servercore\x64\debug\lockbasedstack.obj
c:\users\zxcvb\downloads\11\servercore\x64\debug\lockbasedqueue.obj
c:\users\zxcvb\downloads\11\servercore\x64\debug\lock.obj
c:\users\zxcvb\downloads\11\servercore\x64\debug\listener.obj
c:\users\zxcvb\downloads\11\servercore\x64\debug\iocpevent.obj
c:\users\zxcvb\downloads\11\servercore\x64\debug\iocpcore.obj
c:\users\zxcvb\downloads\11\servercore\x64\debug\deadlockprofiler.obj
c:\users\zxcvb\downloads\11\servercore\x64\debug\coretls.obj
c:\users\zxcvb\downloads\11\servercore\x64\debug\coreglobal.obj
c:\users\zxcvb\downloads\11\servercore\x64\debug\bufferwriter.obj
c:\users\zxcvb\downloads\11\servercore\x64\debug\bufferreader.obj
c:\users\zxcvb\downloads\11\servercore\x64\debug\allocator.obj
c:\users\zxcvb\downloads\11\servercore\x64\debug\threadmanager.obj
c:\users\zxcvb\downloads\11\servercore\x64\debug\socketutility.obj
c:\users\zxcvb\downloads\11\libraries\$libs\servercore\(configuration)\servercore.lib
c:\users\zxcvb\downloads\11\servercore\x64\debug\servercore.tlog\cl.command.1.tlog
c:\users\zxcvb\downloads\11\servercore\x64\debug\servercore.tlog\cl.items.tlog
c:\users\zxcvb\downloads\11\servercore\x64\debug\servercore.tlog\cl.read.1.tlog
c:\users\zxcvb\downloads\11\servercore\x64\debug\servercore.tlog\cl.write.1.tlog
c:\users\zxcvb\downloads\11\servercore\x64\debug\servercore.tlog\lib-link.read.1.tlog
c:\users\zxcvb\downloads\11\servercore\x64\debug\servercore.tlog\lib-link.write.1.tlog
c:\users\zxcvb\downloads\11\servercore\x64\debug\servercore.tlog\lib.command.1.tlog
